2022-07-26 09:04:49.208836: I tensorflow/core/util/util.cc:169] oneDNN custom operations are on. You may see slightly different numerical results due to floating-point round-off errors from different computation orders. To turn them off, set the environment variable `TF_ENABLE_ONEDNN_OPTS=0`.
/home/jonas2/miniconda/envs/dlc/lib/python3.8/site-packages/statsmodels/compat/pandas.py:65: FutureWarning: pandas.Int64Index is deprecated and will be removed from pandas in a future version. Use pandas.Index with the appropriate dtype instead.
  from pandas import Int64Index as NumericIndex
/home/jonas2/DeepLabCut/deeplabcut/__init__.py:81: UserWarning: 
        As PyTorch is not installed, unsupervised identity learning will not be available.
        Please run `pip install torch`, or ignore this warning.
        
  warnings.warn(
Config:
{'all_joints': [[0],
                [1],
                [2],
                [3],
                [4],
                [5],
                [6],
                [7],
                [8],
                [9],
                [10],
                [11],
                [12],
                [13],
                [14],
                [15]],
 'all_joints_names': ['t3L',
                      'wstL',
                      't5L',
                      'elbL',
                      'shdL',
                      'ankL',
                      'nl',
                      'str',
                      'lmb',
                      'shdR',
                      'ankR',
                      'elbR',
                      'wstR',
                      't5R',
                      't3R',
                      'tail'],
 'alpha_r': 0.02,
 'apply_prob': 0.5,
 'batch_size': 1,
 'contrast': {'clahe': True,
              'claheratio': 0.1,
              'histeq': True,
              'histeqratio': 0.1},
 'convolution': {'edge': False,
                 'emboss': {'alpha': [0.0, 1.0], 'strength': [0.5, 1.5]},
                 'embossratio': 0.1,
                 'sharpen': False,
                 'sharpenratio': 0.3},
 'crop_pad': 0,
 'cropratio': 0.4,
 'dataset': 'training-datasets/iteration-0/UnaugmentedDataSet_geneva_protocol_paper_austin_2020_bat_dataJul19/geneva_protocol_paper_austin_2020_bat_data_DLC80shuffle4.mat',
 'dataset_type': 'imgaug',
 'decay_steps': 30000,
 'deterministic': False,
 'display_iters': 1000,
 'fg_fraction': 0.25,
 'global_scale': 0.8,
 'init_weights': '/home/jonas2/DeepLabCut/deeplabcut/pose_estimation_tensorflow/models/pretrained/resnet_v1_101.ckpt',
 'intermediate_supervision': False,
 'intermediate_supervision_layer': 12,
 'location_refinement': True,
 'locref_huber_loss': True,
 'locref_loss_weight': 0.05,
 'locref_stdev': 7.2801,
 'log_dir': 'log',
 'lr_init': 0.0005,
 'max_input_size': 1500,
 'mean_pixel': [123.68, 116.779, 103.939],
 'metadataset': 'training-datasets/iteration-0/UnaugmentedDataSet_geneva_protocol_paper_austin_2020_bat_dataJul19/Documentation_data-geneva_protocol_paper_austin_2020_bat_data_80shuffle4.pickle',
 'min_input_size': 64,
 'mirror': False,
 'multi_stage': False,
 'multi_step': [[0.005, 10000],
                [0.02, 430000],
                [0.002, 730000],
                [0.001, 1030000]],
 'net_type': 'resnet_101',
 'num_joints': 16,
 'optimizer': 'sgd',
 'pairwise_huber_loss': False,
 'pairwise_predict': False,
 'partaffinityfield_predict': False,
 'pos_dist_thresh': 17,
 'project_path': '/home/jonas2/DLC_files/projects/geneva_protocol_paper_austin_2020_bat_data-DLC-2022-07-19',
 'regularize': False,
 'rotation': 25,
 'rotratio': 0.4,
 'save_iters': 50000,
 'scale_jitter_lo': 0.5,
 'scale_jitter_up': 1.25,
 'scoremap_dir': 'test',
 'shuffle': True,
 'snapshot_prefix': '/home/jonas2/DLC_files/projects/geneva_protocol_paper_austin_2020_bat_data-DLC-2022-07-19/dlc-models/iteration-0/geneva_protocol_paper_austin_2020_bat_dataJul19-trainset80shuffle4/train/snapshot',
 'stride': 8.0,
 'weigh_negatives': False,
 'weigh_only_present_joints': False,
 'weigh_part_predictions': False,
 'weight_decay': 0.0001}
2022-07-26 09:04:56.874381: I tensorflow/core/platform/cpu_feature_guard.cc:193] This TensorFlow binary is optimized with oneAPI Deep Neural Network Library (oneDNN) to use the following CPU instructions in performance-critical operations:  AVX2 AVX512F AVX512_VNNI FMA
To enable them in other operations, rebuild TensorFlow with the appropriate compiler flags.
2022-07-26 09:04:59.186848: I tensorflow/core/common_runtime/gpu/gpu_device.cc:1532] Created device /job:localhost/replica:0/task:0/device:GPU:0 with 2487 MB memory:  -> device: 0, name: NVIDIA RTX A5000, pci bus id: 0000:19:00.0, compute capability: 8.6
2022-07-26 09:04:59.187535: I tensorflow/core/common_runtime/gpu/gpu_device.cc:1532] Created device /job:localhost/replica:0/task:0/device:GPU:1 with 111 MB memory:  -> device: 1, name: NVIDIA RTX A5000, pci bus id: 0000:1a:00.0, compute capability: 8.6
2022-07-26 09:04:59.188133: I tensorflow/core/common_runtime/gpu/gpu_device.cc:1532] Created device /job:localhost/replica:0/task:0/device:GPU:2 with 8733 MB memory:  -> device: 2, name: NVIDIA RTX A5000, pci bus id: 0000:67:00.0, compute capability: 8.6
2022-07-26 09:04:59.189052: I tensorflow/core/common_runtime/gpu/gpu_device.cc:1532] Created device /job:localhost/replica:0/task:0/device:GPU:3 with 22331 MB memory:  -> device: 3, name: NVIDIA RTX A5000, pci bus id: 0000:68:00.0, compute capability: 8.6
2022-07-26 09:04:59.881757: I tensorflow/core/common_runtime/gpu/gpu_device.cc:1532] Created device /job:localhost/replica:0/task:0/device:GPU:0 with 2487 MB memory:  -> device: 0, name: NVIDIA RTX A5000, pci bus id: 0000:19:00.0, compute capability: 8.6
2022-07-26 09:04:59.882134: I tensorflow/core/common_runtime/gpu/gpu_device.cc:1532] Created device /job:localhost/replica:0/task:0/device:GPU:1 with 111 MB memory:  -> device: 1, name: NVIDIA RTX A5000, pci bus id: 0000:1a:00.0, compute capability: 8.6
2022-07-26 09:04:59.882396: I tensorflow/core/common_runtime/gpu/gpu_device.cc:1532] Created device /job:localhost/replica:0/task:0/device:GPU:2 with 8733 MB memory:  -> device: 2, name: NVIDIA RTX A5000, pci bus id: 0000:67:00.0, compute capability: 8.6
2022-07-26 09:04:59.882661: I tensorflow/core/common_runtime/gpu/gpu_device.cc:1532] Created device /job:localhost/replica:0/task:0/device:GPU:3 with 22331 MB memory:  -> device: 3, name: NVIDIA RTX A5000, pci bus id: 0000:68:00.0, compute capability: 8.6
2022-07-26 09:05:00.327145: I tensorflow/compiler/mlir/mlir_graph_optimization_pass.cc:354] MLIR V1 optimization pass is not enabled
2022-07-26 09:05:14.778981: I tensorflow/stream_executor/cuda/cuda_dnn.cc:384] Loaded cuDNN version 8401
2022-07-26 09:05:16.228464: W tensorflow/core/common_runtime/bfc_allocator.cc:290] Allocator (GPU_0_bfc) ran out of memory trying to allocate 2.05GiB with freed_by_count=0. The caller indicates that this is not a failure, but this may mean that there could be performance gains if more memory were available.
2022-07-26 09:05:16.228529: W tensorflow/core/common_runtime/bfc_allocator.cc:290] Allocator (GPU_0_bfc) ran out of memory trying to allocate 2.05GiB with freed_by_count=0. The caller indicates that this is not a failure, but this may mean that there could be performance gains if more memory were available.
2022-07-26 09:05:16.246707: W tensorflow/core/common_runtime/bfc_allocator.cc:290] Allocator (GPU_0_bfc) ran out of memory trying to allocate 2.05GiB with freed_by_count=0. The caller indicates that this is not a failure, but this may mean that there could be performance gains if more memory were available.
2022-07-26 09:05:16.246757: W tensorflow/core/common_runtime/bfc_allocator.cc:290] Allocator (GPU_0_bfc) ran out of memory trying to allocate 2.05GiB with freed_by_count=0. The caller indicates that this is not a failure, but this may mean that there could be performance gains if more memory were available.
2022-07-26 09:05:16.250998: W tensorflow/core/common_runtime/bfc_allocator.cc:290] Allocator (GPU_0_bfc) ran out of memory trying to allocate 2.08GiB with freed_by_count=0. The caller indicates that this is not a failure, but this may mean that there could be performance gains if more memory were available.
2022-07-26 09:05:16.251044: W tensorflow/core/common_runtime/bfc_allocator.cc:290] Allocator (GPU_0_bfc) ran out of memory trying to allocate 2.08GiB with freed_by_count=0. The caller indicates that this is not a failure, but this may mean that there could be performance gains if more memory were available.
2022-07-26 09:05:16.269570: W tensorflow/core/common_runtime/bfc_allocator.cc:290] Allocator (GPU_0_bfc) ran out of memory trying to allocate 2.05GiB with freed_by_count=0. The caller indicates that this is not a failure, but this may mean that there could be performance gains if more memory were available.
2022-07-26 09:05:16.269644: W tensorflow/core/common_runtime/bfc_allocator.cc:290] Allocator (GPU_0_bfc) ran out of memory trying to allocate 2.05GiB with freed_by_count=0. The caller indicates that this is not a failure, but this may mean that there could be performance gains if more memory were available.
2022-07-26 09:05:16.274387: W tensorflow/core/common_runtime/bfc_allocator.cc:290] Allocator (GPU_0_bfc) ran out of memory trying to allocate 2.08GiB with freed_by_count=0. The caller indicates that this is not a failure, but this may mean that there could be performance gains if more memory were available.
2022-07-26 09:05:16.274446: W tensorflow/core/common_runtime/bfc_allocator.cc:290] Allocator (GPU_0_bfc) ran out of memory trying to allocate 2.08GiB with freed_by_count=0. The caller indicates that this is not a failure, but this may mean that there could be performance gains if more memory were available.
